toyotaMobi/build/outputs/logs/manifest-merger-debug-report.txt
-- Merging decision tree log ---
manifest
ADDED from src\main\AndroidManifest.xml:2:1-248:12
	xmlns:android
		ADDED from src\main\AndroidManifest.xml:2:11-69
	package
		ADDED from src\main\AndroidManifest.xml:3:5-38
		INJECTED from src\main\AndroidManifest.xml
		INJECTED from src\main\AndroidManifest.xml
	android:versionName
		ADDED from src\main\AndroidManifest.xml:6:5-30
		INJECTED from src\main\AndroidManifest.xml
		INJECTED from src\main\AndroidManifest.xml
	android:versionCode
		ADDED from src\main\AndroidManifest.xml:5:5-28
		INJECTED from src\main\AndroidManifest.xml
		INJECTED from src\main\AndroidManifest.xml
	android:installLocation
		ADDED from src\main\AndroidManifest.xml:4:5-35
uses-sdk
ADDED from src\main\AndroidManifest.xml:8:5-10:41
MERGED from [ToyotaMobi:lib:unspecified] AndroidManifest.xml:5:5-7:41
	android:targetSdkVersion
		ADDED from src\main\AndroidManifest.xml:10:9-38
		INJECTED from src\main\AndroidManifest.xml
		INJECTED from src\main\AndroidManifest.xml
	android:minSdkVersion
		ADDED from src\main\AndroidManifest.xml:9:9-35
		INJECTED from src\main\AndroidManifest.xml
		INJECTED from src\main\AndroidManifest.xml
uses-permission#android.permission.INTERNET
ADDED from src\main\AndroidManifest.xml:12:5-67
	android:name
		ADDED from src\main\AndroidManifest.xml:12:22-64
uses-permission#android.permission.ACCESS_NETWORK_STATE
ADDED from src\main\AndroidManifest.xml:13:5-79
	android:name
		ADDED from src\main\AndroidManifest.xml:13:22-76
uses-permission#android.permission.WAKE_LOCK
ADDED from src\main\AndroidManifest.xml:14:5-68
	android:name
		ADDED from src\main\AndroidManifest.xml:14:22-65
uses-permission#android.permission.RECEIVE_BOOT_COMPLETED
ADDED from src\main\AndroidManifest.xml:15:5-81
	android:name
		ADDED from src\main\AndroidManifest.xml:15:22-78
uses-permission#android.permission.VIBRATE
ADDED from src\main\AndroidManifest.xml:16:5-66
	android:name
		ADDED from src\main\AndroidManifest.xml:16:22-63
uses-permission#android.permission.GET_ACCOUNTS
ADDED from src\main\AndroidManifest.xml:17:5-71
	android:name
		ADDED from src\main\AndroidManifest.xml:17:22-68
uses-permission#com.google.android.c2dm.permission.RECEIVE
ADDED from src\main\AndroidManifest.xml:18:5-82
	android:name
		ADDED from src\main\AndroidManifest.xml:18:22-79
permission#com.betasoft.ToyotaMobi.permission.C2D_MESSAGE
ADDED from src\main\AndroidManifest.xml:20:5-22:47
	android:protectionLevel
		ADDED from src\main\AndroidManifest.xml:22:9-44
	android:name
		ADDED from src\main\AndroidManifest.xml:21:9-70
uses-permission#com.betasoft.ToyotaMobi.permission.C2D_MESSAGE
ADDED from src\main\AndroidManifest.xml:24:5-86
	android:name
		ADDED from src\main\AndroidManifest.xml:24:22-83
uses-permission#android.permission.ACCESS_FINE_LOCATION
ADDED from src\main\AndroidManifest.xml:25:5-79
	android:name
		ADDED from src\main\AndroidManifest.xml:25:22-76
uses-permission#android.permission.ACCESS_WIFI_STATE
ADDED from src\main\AndroidManifest.xml:26:5-76
	android:name
		ADDED from src\main\AndroidManifest.xml:26:22-73
uses-permission#android.permission.READ_PHONE_STATE
ADDED from src\main\AndroidManifest.xml:27:5-75
	android:name
		ADDED from src\main\AndroidManifest.xml:27:22-72
uses-permission#android.permission.CAMERA
ADDED from src\main\AndroidManifest.xml:28:5-65
	android:name
		ADDED from src\main\AndroidManifest.xml:28:22-62
uses-permission#android.permission.WRITE_EXTERNAL_STORAGE
ADDED from src\main\AndroidManifest.xml:29:5-81
	android:name
		ADDED from src\main\AndroidManifest.xml:29:22-78
uses-permission#android.permission.READ_EXTERNAL_STORAGE
ADDED from src\main\AndroidManifest.xml:30:5-80
	android:name
		ADDED from src\main\AndroidManifest.xml:30:22-77
uses-feature#android.hardware.camera
ADDED from src\main\AndroidManifest.xml:32:5-34:36
	android:required
		ADDED from src\main\AndroidManifest.xml:34:9-33
	android:name
		ADDED from src\main\AndroidManifest.xml:33:9-47
uses-permission#android.permission.WRITE_SETTINGS
ADDED from src\main\AndroidManifest.xml:36:5-73
	android:name
		ADDED from src\main\AndroidManifest.xml:36:22-70
application
ADDED from src\main\AndroidManifest.xml:38:5-242:19
MERGED from [ToyotaMobi:lib:unspecified] AndroidManifest.xml:9:5-13:19
	android:label
		ADDED from src\main\AndroidManifest.xml:42:9-41
	android:allowBackup
		ADDED from src\main\AndroidManifest.xml:40:9-35
	android:icon
		ADDED from src\main\AndroidManifest.xml:41:9-45
	android:theme
		ADDED from src\main\AndroidManifest.xml:44:9-52
	android:largeHeap
		ADDED from src\main\AndroidManifest.xml:43:9-33
	android:name
		ADDED from src\main\AndroidManifest.xml:39:9-69
activity#com.betasoft.ToyotaMobi.SplashActivity
ADDED from src\main\AndroidManifest.xml:45:9-55:20
	android:label
		ADDED from src\main\AndroidManifest.xml:48:13-45
	android:configChanges
		ADDED from src\main\AndroidManifest.xml:47:13-63
	android:theme
		ADDED from src\main\AndroidManifest.xml:49:13-71
	android:name
		ADDED from src\main\AndroidManifest.xml:46:13-66
intent-filter#android.intent.action.MAIN+android.intent.category.LAUNCHER
ADDED from src\main\AndroidManifest.xml:50:13-54:29
action#android.intent.action.MAIN
ADDED from src\main\AndroidManifest.xml:51:17-69
	android:name
		ADDED from src\main\AndroidManifest.xml:51:25-66
category#android.intent.category.LAUNCHER
ADDED from src\main\AndroidManifest.xml:53:17-77
	android:name
		ADDED from src\main\AndroidManifest.xml:53:27-74
activity#com.betasoft.ToyotaMobi.fe.MainActivity
ADDED from src\main\AndroidManifest.xml:56:9-66:20
	android:screenOrientation
		ADDED from src\main\AndroidManifest.xml:60:13-49
	android:label
		ADDED from src\main\AndroidManifest.xml:59:13-45
	android:configChanges
		ADDED from src\main\AndroidManifest.xml:58:13-74
	android:name
		ADDED from src\main\AndroidManifest.xml:57:13-67
intent-filter#android.intent.action.MAIN+android.intent.category.DEFAULT
ADDED from src\main\AndroidManifest.xml:61:13-65:29
category#android.intent.category.DEFAULT
ADDED from src\main\AndroidManifest.xml:64:17-76
	android:name
		ADDED from src\main\AndroidManifest.xml:64:27-73
activity#com.betasoft.ToyotaMobi.fe.CustomerRegistration
ADDED from src\main\AndroidManifest.xml:67:9-76:20
	android:label
		ADDED from src\main\AndroidManifest.xml:70:13-45
	android:configChanges
		ADDED from src\main\AndroidManifest.xml:69:13-74
	android:name
		ADDED from src\main\AndroidManifest.xml:68:13-75
activity#com.betasoft.ToyotaMobi.fe.Phone_verification
ADDED from src\main\AndroidManifest.xml:77:9-86:20
	android:label
		ADDED from src\main\AndroidManifest.xml:80:13-45
	android:configChanges
		ADDED from src\main\AndroidManifest.xml:79:13-74
	android:name
		ADDED from src\main\AndroidManifest.xml:78:13-73
activity#com.betasoft.ToyotaMobi.fe.MainMenu
ADDED from src\main\AndroidManifest.xml:87:9-96:20
	android:label
		ADDED from src\main\AndroidManifest.xml:90:13-45
	android:configChanges
		ADDED from src\main\AndroidManifest.xml:89:13-74
	android:name
		ADDED from src\main\AndroidManifest.xml:88:13-63
activity#com.betasoft.ToyotaMobi.fe.VehicleRegisteration
ADDED from src\main\AndroidManifest.xml:97:9-106:20
	android:label
		ADDED from src\main\AndroidManifest.xml:100:13-45
	android:configChanges
		ADDED from src\main\AndroidManifest.xml:99:13-74
	android:name
		ADDED from src\main\AndroidManifest.xml:98:13-75
activity#com.betasoft.ToyotaMobi.fe.FAQ
ADDED from src\main\AndroidManifest.xml:107:9-116:20
	android:label
		ADDED from src\main\AndroidManifest.xml:110:13-45
	android:configChanges
		ADDED from src\main\AndroidManifest.xml:109:13-74
	android:name
		ADDED from src\main\AndroidManifest.xml:108:13-58
activity#com.betasoft.ToyotaMobi.fe.ChatMain
ADDED from src\main\AndroidManifest.xml:117:9-123:20
	android:windowSoftInputMode
		ADDED from src\main\AndroidManifest.xml:122:13-54
	android:noHistory
		ADDED from src\main\AndroidManifest.xml:121:13-38
	android:label
		ADDED from src\main\AndroidManifest.xml:120:13-45
	android:configChanges
		ADDED from src\main\AndroidManifest.xml:119:13-74
	android:name
		ADDED from src\main\AndroidManifest.xml:118:13-63
activity#com.betasoft.ToyotaMobi.fe.MyAccount
ADDED from src\main\AndroidManifest.xml:124:9-133:20
	android:label
		ADDED from src\main\AndroidManifest.xml:127:13-45
	android:configChanges
		ADDED from src\main\AndroidManifest.xml:126:13-74
	android:name
		ADDED from src\main\AndroidManifest.xml:125:13-64
activity#com.betasoft.ToyotaMobi.fe.SpareParts
ADDED from src\main\AndroidManifest.xml:134:9-143:20
	android:label
		ADDED from src\main\AndroidManifest.xml:137:13-45
	android:configChanges
		ADDED from src\main\AndroidManifest.xml:136:13-74
	android:name
		ADDED from src\main\AndroidManifest.xml:135:13-65
activity#com.betasoft.ToyotaMobi.fe.UsersListActivity
ADDED from src\main\AndroidManifest.xml:144:9-153:20
	android:label
		ADDED from src\main\AndroidManifest.xml:147:13-45
	android:configChanges
		ADDED from src\main\AndroidManifest.xml:146:13-74
	android:name
		ADDED from src\main\AndroidManifest.xml:145:13-72
activity#com.betasoft.ToyotaMobi.fe.MyProfile
ADDED from src\main\AndroidManifest.xml:154:9-163:20
	android:label
		ADDED from src\main\AndroidManifest.xml:157:13-45
	android:configChanges
		ADDED from src\main\AndroidManifest.xml:156:13-74
	android:name
		ADDED from src\main\AndroidManifest.xml:155:13-64
activity#com.betasoft.ToyotaMobi.fe.NavigationMain
ADDED from src\main\AndroidManifest.xml:164:9-166:77
	android:configChanges
		ADDED from src\main\AndroidManifest.xml:166:13-74
	android:name
		ADDED from src\main\AndroidManifest.xml:165:13-69
activity#com.betasoft.ToyotaMobi.fe.BuySparePart
ADDED from src\main\AndroidManifest.xml:167:9-76
	android:name
		ADDED from src\main\AndroidManifest.xml:167:19-73
activity#com.betasoft.ToyotaMobi.fe.MobileMoneyPayment
ADDED from src\main\AndroidManifest.xml:169:9-178:20
	android:label
		ADDED from src\main\AndroidManifest.xml:172:13-49
	android:configChanges
		ADDED from src\main\AndroidManifest.xml:171:13-74
	android:name
		ADDED from src\main\AndroidManifest.xml:170:13-73
service#com.parse.PushService
ADDED from src\main\AndroidManifest.xml:180:9-57
	android:name
		ADDED from src\main\AndroidManifest.xml:180:18-54
receiver#com.parse.ParseBroadcastReceiver
ADDED from src\main\AndroidManifest.xml:182:9-187:20
	android:name
		ADDED from src\main\AndroidManifest.xml:182:19-66
intent-filter#android.intent.action.BOOT_COMPLETED+android.intent.action.USER_PRESENT
ADDED from src\main\AndroidManifest.xml:183:13-186:29
action#android.intent.action.BOOT_COMPLETED
ADDED from src\main\AndroidManifest.xml:184:17-79
	android:name
		ADDED from src\main\AndroidManifest.xml:184:25-76
action#android.intent.action.USER_PRESENT
ADDED from src\main\AndroidManifest.xml:185:17-77
	android:name
		ADDED from src\main\AndroidManifest.xml:185:25-74
receiver#com.parse.GcmBroadcastReceiver
ADDED from src\main\AndroidManifest.xml:188:9-197:20
	android:permission
		ADDED from src\main\AndroidManifest.xml:190:13-73
	android:name
		ADDED from src\main\AndroidManifest.xml:189:13-58
intent-filter#com.betasoft.ToyotaMobi+com.google.android.c2dm.intent.RECEIVE+com.google.android.c2dm.intent.REGISTRATION
ADDED from src\main\AndroidManifest.xml:191:13-196:29
action#com.google.android.c2dm.intent.RECEIVE
ADDED from src\main\AndroidManifest.xml:192:17-81
	android:name
		ADDED from src\main\AndroidManifest.xml:192:25-78
action#com.google.android.c2dm.intent.REGISTRATION
ADDED from src\main\AndroidManifest.xml:193:17-86
	android:name
		ADDED from src\main\AndroidManifest.xml:193:25-83
category#com.betasoft.ToyotaMobi
ADDED from src\main\AndroidManifest.xml:195:17-68
	android:name
		ADDED from src\main\AndroidManifest.xml:195:27-65
receiver#com.parse.ParsePushBroadcastReceiver
ADDED from src\main\AndroidManifest.xml:198:9-206:20
	android:exported
		ADDED from src\main\AndroidManifest.xml:200:13-37
	android:name
		ADDED from src\main\AndroidManifest.xml:199:13-64
intent-filter#com.parse.push.intent.DELETE+com.parse.push.intent.OPEN+com.parse.push.intent.RECEIVE
ADDED from src\main\AndroidManifest.xml:201:13-205:29
action#com.parse.push.intent.RECEIVE
ADDED from src\main\AndroidManifest.xml:202:17-72
	android:name
		ADDED from src\main\AndroidManifest.xml:202:25-69
action#com.parse.push.intent.DELETE
ADDED from src\main\AndroidManifest.xml:203:17-71
	android:name
		ADDED from src\main\AndroidManifest.xml:203:25-68
action#com.parse.push.intent.OPEN
ADDED from src\main\AndroidManifest.xml:204:17-69
	android:name
		ADDED from src\main\AndroidManifest.xml:204:25-66
service#com.paypal.android.sdk.payments.PayPalService
ADDED from src\main\AndroidManifest.xml:208:9-210:40
	android:exported
		ADDED from src\main\AndroidManifest.xml:210:13-37
	android:name
		ADDED from src\main\AndroidManifest.xml:209:13-73
activity#com.paypal.android.sdk.payments.PaymentActivity
ADDED from src\main\AndroidManifest.xml:212:9-84
	android:name
		ADDED from src\main\AndroidManifest.xml:212:19-81
activity#com.paypal.android.sdk.payments.LoginActivity
ADDED from src\main\AndroidManifest.xml:213:9-82
	android:name
		ADDED from src\main\AndroidManifest.xml:213:19-79
activity#com.paypal.android.sdk.payments.PaymentMethodActivity
ADDED from src\main\AndroidManifest.xml:214:9-90
	android:name
		ADDED from src\main\AndroidManifest.xml:214:19-87
activity#com.paypal.android.sdk.payments.PaymentConfirmActivity
ADDED from src\main\AndroidManifest.xml:215:9-91
	android:name
		ADDED from src\main\AndroidManifest.xml:215:19-88
activity#io.card.payment.CardIOActivity
ADDED from src\main\AndroidManifest.xml:216:9-218:66
	android:configChanges
		ADDED from src\main\AndroidManifest.xml:218:13-63
	android:name
		ADDED from src\main\AndroidManifest.xml:217:13-58
activity#io.card.payment.DataEntryActivity
ADDED from src\main\AndroidManifest.xml:219:9-70
	android:name
		ADDED from src\main\AndroidManifest.xml:219:19-67
activity#com.betasoft.ToyotaMobi.fe.fragment.ViewPrice
ADDED from src\main\AndroidManifest.xml:221:9-230:20
	android:label
		ADDED from src\main\AndroidManifest.xml:224:13-45
	android:configChanges
		ADDED from src\main\AndroidManifest.xml:223:13-74
	android:name
		ADDED from src\main\AndroidManifest.xml:222:13-73
activity#com.betasoft.ToyotaMobi.fe.fragment.TermsConds
ADDED from src\main\AndroidManifest.xml:232:9-241:20
	android:label
		ADDED from src\main\AndroidManifest.xml:235:13-45
	android:configChanges
		ADDED from src\main\AndroidManifest.xml:234:13-74
	android:name
		ADDED from src\main\AndroidManifest.xml:233:13-74
meta-data#com.parse.push.notification_icon
ADDED from src\main\AndroidManifest.xml:244:5-246:48
	android:resource
		ADDED from src\main\AndroidManifest.xml:246:9-45
	android:name
		ADDED from src\main\AndroidManifest.xml:245:9-56